<?xml version="1.0" encoding="UTF-8"?>
<!-- Generated by org.testng.reporters.JUnitReportReporter -->
<testsuite hostname="DESKTOP-0F3UR2R" failures="0" tests="3" name="com.qa.test.Login_test" time="21.076" errors="0" timestamp="2024-09-25T10:51:15 IST" skipped="0">
  <testcase classname="com.qa.test.Login_test" name="testlogin" time="8.900"/>
  <testcase classname="com.qa.test.Login_test" name="testlogin" time="3.263"/>
  <testcase classname="com.qa.test.Login_test" name="testlogin" time="8.913"/>
</testsuite> <!-- com.qa.test.Login_test -->
